<?xml version="1.0" encoding="UTF-8"?>
<!-- Generated by org.testng.reporters.JUnitXMLReporter -->
<testsuite ignored="0" hostname="Nihar" failures="0" tests="2" name="Error Validation Test" time="169.179" errors="0" timestamp="2023-08-17T17:39:45 IST">
  <testcase classname="E_ShopWell.Test.ErrorValidationsTest" name="loginErrorValidation" time="0.001">
    <skipped/>
  </testcase> <!-- loginErrorValidation -->
  <testcase classname="E_ShopWell.Test.ErrorValidationsTest" name="productErrorValidation" time="0.0">
    <skipped/>
  </testcase> <!-- productErrorValidation -->
</testsuite> <!-- Error Validation Test -->
